<?xml version="1.0" encoding="UTF-8"?>
<testng-results ignored="0" total="1" passed="1" failed="0" skipped="0">
  <reporter-output>
    <line>
      <![CDATA[launching browser]]>
    </line>
    <line>
      <![CDATA[waiting..]]>
    </line>
    <line>
      <![CDATA[clicking on gender button..]]>
    </line>
    <line>
      <![CDATA[clicking on next button..]]>
    </line>
    <line>
      <![CDATA[handeling age dropdown..]]>
    </line>
    <line>
      <![CDATA[clicking on next button..]]>
    </line>
    <line>
      <![CDATA[enetring pincode..]]>
    </line>
    <line>
      <![CDATA[enetring mobile number..]]>
    </line>
    <line>
      <![CDATA[clicking on continue button..]]>
    </line>
    <line>
      <![CDATA[getting policy count from text displayed ..]]>
    </line>
    <line>
      <![CDATA[getting policy count from banners displayed ..]]>
    </line>
    <line>
      <![CDATA[closing browser]]>
    </line>
  </reporter-output>
  <suite started-at="2024-10-14T12:30:51 IST" name="Suite" finished-at="2024-10-14T12:31:35 IST" duration-ms="43583">
    <groups>
    </groups>
    <test started-at="2024-10-14T12:30:51 IST" name="Test" finished-at="2024-10-14T12:31:35 IST" duration-ms="43583">
      <class name="coverFoxTest.TC1234_CoverFox_ValidateBannerCount">
        <test-method is-config="true" signature="openApplication()[pri:0, instance:coverFoxTest.TC1234_CoverFox_ValidateBannerCount@4681c175]" started-at="2024-10-14T12:30:51 IST" name="openApplication" finished-at="2024-10-14T12:31:24 IST" duration-ms="33023" status="PASS">
          <reporter-output>
            <line>
              <![CDATA[launching browser]]>
            </line>
            <line>
              <![CDATA[waiting..]]>
            </line>
          </reporter-output>
        </test-method> <!-- openApplication -->
        <test-method is-config="true" signature="enterDetails()[pri:0, instance:coverFoxTest.TC1234_CoverFox_ValidateBannerCount@4681c175]" started-at="2024-10-14T12:31:24 IST" name="enterDetails" finished-at="2024-10-14T12:31:34 IST" duration-ms="9752" status="PASS">
          <reporter-output>
            <line>
              <![CDATA[clicking on gender button..]]>
            </line>
            <line>
              <![CDATA[clicking on next button..]]>
            </line>
            <line>
              <![CDATA[handeling age dropdown..]]>
            </line>
            <line>
              <![CDATA[clicking on next button..]]>
            </line>
            <line>
              <![CDATA[enetring pincode..]]>
            </line>
            <line>
              <![CDATA[enetring mobile number..]]>
            </line>
            <line>
              <![CDATA[clicking on continue button..]]>
            </line>
          </reporter-output>
        </test-method> <!-- enterDetails -->
        <test-method signature="valiadatePolicyCount()[pri:0, instance:coverFoxTest.TC1234_CoverFox_ValidateBannerCount@4681c175]" started-at="2024-10-14T12:31:34 IST" name="valiadatePolicyCount" finished-at="2024-10-14T12:31:34 IST" duration-ms="203" status="PASS">
          <reporter-output>
            <line>
              <![CDATA[getting policy count from text displayed ..]]>
            </line>
            <line>
              <![CDATA[getting policy count from banners displayed ..]]>
            </line>
          </reporter-output>
        </test-method> <!-- valiadatePolicyCount -->
        <test-method is-config="true" signature="closeApplication()[pri:0, instance:coverFoxTest.TC1234_CoverFox_ValidateBannerCount@4681c175]" started-at="2024-10-14T12:31:34 IST" name="closeApplication" finished-at="2024-10-14T12:31:35 IST" duration-ms="508" status="PASS">
          <reporter-output>
            <line>
              <![CDATA[closing browser]]>
            </line>
          </reporter-output>
        </test-method> <!-- closeApplication -->
      </class> <!-- coverFoxTest.TC1234_CoverFox_ValidateBannerCount -->
    </test> <!-- Test -->
  </suite> <!-- Suite -->
</testng-results>
